Using pre-set license
Built from '2020.3/staging' branch; Version is '2020.3.26f1 (7298b473bc1a) revision 7510196'; Using compiler version '192528614'; Build Type 'Release'
OS: 'Windows 10  (10.0.19044) 64bit Core' Language: 'en' Physical Memory: 16286 MB
BatchMode: 1, IsHumanControllingUs: 0, StartBugReporterOnCrash: 0, Is64bit: 1, IsPro: 0

COMMAND LINE ARGUMENTS:
C:\Program Files\Unity\Hub\Editor\2020.3.26f1\Editor\Unity.exe
-adb2
-batchMode
-noUpm
-name
AssetImportWorker0
-projectPath
C:/Users/lucas/OneDrive/University of Central Florida/Class/Spring 2022/Computers as a Medium (DIG 3480)/Week 5/Tutorial 1.5
-logFile
Logs/AssetImportWorker0.log
-srvPort
60158
Successfully changed project path to: C:/Users/lucas/OneDrive/University of Central Florida/Class/Spring 2022/Computers as a Medium (DIG 3480)/Week 5/Tutorial 1.5
C:/Users/lucas/OneDrive/University of Central Florida/Class/Spring 2022/Computers as a Medium (DIG 3480)/Week 5/Tutorial 1.5
Using Asset Import Pipeline V2.
Refreshing native plugins compatible for Editor in 43.62 ms, found 3 plugins.
Preloading 0 native plugins for Editor in 0.00 ms.
Initialize engine version: 2020.3.26f1 (7298b473bc1a)
[Subsystems] Discovering subsystems at path C:/Program Files/Unity/Hub/Editor/2020.3.26f1/Editor/Data/Resources/UnitySubsystems
[Subsystems] Discovering subsystems at path C:/Users/lucas/OneDrive/University of Central Florida/Class/Spring 2022/Computers as a Medium (DIG 3480)/Week 5/Tutorial 1.5/Assets
GfxDevice: creating device client; threaded=0
Direct3D:
    Version:  Direct3D 11.0 [level 11.1]
    Renderer: NVIDIA GeForce GTX 1060 with Max-Q Design (ID=0x1c20)
    Vendor:   
    VRAM:     6052 MB
    Driver:   30.0.15.1123
Initialize mono
Mono path[0] = 'C:/Program Files/Unity/Hub/Editor/2020.3.26f1/Editor/Data/Managed'
Mono path[1] = 'C:/Program Files/Unity/Hub/Editor/2020.3.26f1/Editor/Data/MonoBleedingEdge/lib/mono/unityjit'
Mono config path = 'C:/Program Files/Unity/Hub/Editor/2020.3.26f1/Editor/Data/MonoBleedingEdge/etc'
Using monoOptions --debugger-agent=transport=dt_socket,embedding=1,server=y,suspend=n,address=127.0.0.1:56496
Begin MonoManager ReloadAssembly
Registering precompiled unity dll's ...
Register platform support module: C:/Program Files/Unity/Hub/Editor/2020.3.26f1/Editor/Data/PlaybackEngines/WindowsStandaloneSupport/UnityEditor.WindowsStandalone.Extensions.dll
Registered in 0.001901 seconds.
Native extension for WindowsStandalone target not found
Refreshing native plugins compatible for Editor in 47.22 ms, found 3 plugins.
Preloading 0 native plugins for Editor in 0.00 ms.
Mono: successfully reloaded assembly
- Completed reload, in  0.575 seconds
Domain Reload Profiling:
	ReloadAssembly (575ms)
		BeginReloadAssembly (53ms)
			ExecutionOrderSort (0ms)
			DisableScriptedObjects (0ms)
			BackupInstance (0ms)
			ReleaseScriptingObjects (0ms)
			CreateAndSetChildDomain (1ms)
		EndReloadAssembly (455ms)
			LoadAssemblies (50ms)
			RebuildTransferFunctionScriptingTraits (0ms)
			SetupTypeCache (143ms)
			ReleaseScriptCaches (0ms)
			RebuildScriptCaches (30ms)
			SetupLoadedEditorAssemblies (182ms)
				LogAssemblyErrors (0ms)
				InitializePlatformSupportModulesInManaged (4ms)
				SetLoadedEditorAssemblies (0ms)
				RefreshPlugins (47ms)
				BeforeProcessingInitializeOnLoad (14ms)
				ProcessInitializeOnLoadAttributes (87ms)
				ProcessInitializeOnLoadMethodAttributes (29ms)
				AfterProcessingInitializeOnLoad (0ms)
				EditorAssembliesLoaded (0ms)
			ExecutionOrderSort2 (0ms)
			AwakeInstancesAfterBackupRestoration (0ms)
Platform modules already initialized, skipping
Registering precompiled user dll's ...
Registered in 0.005265 seconds.
Begin MonoManager ReloadAssembly
Native extension for WindowsStandalone target not found
Refreshing native plugins compatible for Editor in 50.10 ms, found 3 plugins.
Preloading 0 native plugins for Editor in 0.00 ms.
Mono: successfully reloaded assembly
- Completed reload, in  1.201 seconds
Domain Reload Profiling:
	ReloadAssembly (1202ms)
		BeginReloadAssembly (144ms)
			ExecutionOrderSort (0ms)
			DisableScriptedObjects (5ms)
			BackupInstance (0ms)
			ReleaseScriptingObjects (0ms)
			CreateAndSetChildDomain (17ms)
		EndReloadAssembly (993ms)
			LoadAssemblies (90ms)
			RebuildTransferFunctionScriptingTraits (0ms)
			SetupTypeCache (326ms)
			ReleaseScriptCaches (0ms)
			RebuildScriptCaches (49ms)
			SetupLoadedEditorAssemblies (388ms)
				LogAssemblyErrors (0ms)
				InitializePlatformSupportModulesInManaged (3ms)
				SetLoadedEditorAssemblies (0ms)
				RefreshPlugins (50ms)
				BeforeProcessingInitializeOnLoad (88ms)
				ProcessInitializeOnLoadAttributes (220ms)
				ProcessInitializeOnLoadMethodAttributes (18ms)
				AfterProcessingInitializeOnLoad (8ms)
				EditorAssembliesLoaded (0ms)
			ExecutionOrderSort2 (0ms)
			AwakeInstancesAfterBackupRestoration (7ms)
Platform modules already initialized, skipping
========================================================================
Worker process is ready to serve import requests
Launched and connected shader compiler UnityShaderCompiler.exe after 0.05 seconds
Refreshing native plugins compatible for Editor in 0.50 ms, found 3 plugins.
Preloading 0 native plugins for Editor in 0.00 ms.
Unloading 2198 Unused Serialized files (Serialized files now loaded: 0)
System memory in use before: 96.8 MB.
System memory in use after: 96.9 MB.

Unloading 28 unused Assets to reduce memory usage. Loaded Objects now: 2631.
Total: 3.498700 ms (FindLiveObjects: 0.177100 ms CreateObjectMapping: 0.095200 ms MarkObjects: 3.159600 ms  DeleteObjects: 0.065700 ms)

AssetImportParameters requested are different than current active one (requested -> active):
  custom:framework-win-MediaFoundation: 216162199b28c13a410421893ffa2e32 -> 
  custom:video-decoder-ogg-theora: a1e56fd34408186e4bbccfd4996cb3dc -> 
  custom:container-muxer-webm: aa71ff27fc2769a1b78a27578f13a17b -> 
  custom:container-demuxer-webm: 4f35f7cbe854078d1ac9338744f61a02 -> 
  custom:container-demuxer-ogg: 62fdf1f143b41e24485cea50d1cbac27 -> 
  custom:video-encoder-webm-vp8: eb34c28f22e8b96e1ab97ce403110664 -> 
  custom:video-decoder-webm-vp8: 9c59270c3fd7afecdb556c50c9e8de78 -> 
  custom:audio-decoder-ogg-vorbis: bf7c407c2cedff20999df2af8eb42d56 -> 
  custom:audio-encoder-webm-vorbis: bf7c407c2cedff20999df2af8eb42d56 -> 
========================================================================
Received Import Request.
  path: Assets
  artifactKey: Guid(00000000000000001000000000000000) Importer(815301076,1909f56bfc062723c751e8b465ee728b)
Start importing Assets using Guid(00000000000000001000000000000000) Importer(815301076,1909f56bfc062723c751e8b465ee728b)  -> (artifact id: '42d402b061de3733987d63b9cc3b64de') in 0.008162 seconds 
  Import took 0.012772 seconds .

========================================================================
Received Import Request.
  Time since last request: 2.298828 seconds.
  path: Assets/Sprites
  artifactKey: Guid(351713679cef7bd49988912df7b3271e) Importer(815301076,1909f56bfc062723c751e8b465ee728b)
Start importing Assets/Sprites using Guid(351713679cef7bd49988912df7b3271e) Importer(815301076,1909f56bfc062723c751e8b465ee728b)  -> (artifact id: 'bfb105baadea641b099495b47a679842') in 0.005432 seconds 
  Import took 0.010318 seconds .

========================================================================
Received Import Request.
  Time since last request: 9.814342 seconds.
  path: Assets/Sprites/Dead (1).png
  artifactKey: Guid(68248892f7ca0ae44a13a44c3a5e1858) Importer(815301076,1909f56bfc062723c751e8b465ee728b)
Start importing Assets/Sprites/Dead (1).png using Guid(68248892f7ca0ae44a13a44c3a5e1858) Importer(815301076,1909f56bfc062723c751e8b465ee728b)  -> (artifact id: '28190fd7bf5f4654a8bbce4a390ebd09') in 0.133172 seconds 
  Import took 0.137670 seconds .

========================================================================
Received Import Request.
  Time since last request: 0.000897 seconds.
  path: Assets/Sprites/Walk (3).png
  artifactKey: Guid(9eba90cb0a8a79d46a3a2c2120fe0204) Importer(815301076,1909f56bfc062723c751e8b465ee728b)
Start importing Assets/Sprites/Walk (3).png using Guid(9eba90cb0a8a79d46a3a2c2120fe0204) Importer(815301076,1909f56bfc062723c751e8b465ee728b)  -> (artifact id: '73329e2664ec2e3320333803957e73cd') in 0.028094 seconds 
  Import took 0.032526 seconds .

========================================================================
Received Import Request.
  Time since last request: 0.000662 seconds.
  path: Assets/Sprites/Fall (2).png
  artifactKey: Guid(cd9530ce855f4774284de6554a3f0b05) Importer(815301076,1909f56bfc062723c751e8b465ee728b)
Start importing Assets/Sprites/Fall (2).png using Guid(cd9530ce855f4774284de6554a3f0b05) Importer(815301076,1909f56bfc062723c751e8b465ee728b)  -> (artifact id: 'f30d3eb7a2aa26a9683271ef54489722') in 0.018560 seconds 
  Import took 0.024603 seconds .

========================================================================
Received Import Request.
  Time since last request: 0.000418 seconds.
  path: Assets/Sprites/Hurt (9).png
  artifactKey: Guid(ca2e584d541128144bcd168b01e89863) Importer(815301076,1909f56bfc062723c751e8b465ee728b)
Start importing Assets/Sprites/Hurt (9).png using Guid(ca2e584d541128144bcd168b01e89863) Importer(815301076,1909f56bfc062723c751e8b465ee728b)  -> (artifact id: 'fbc2385fa00e33aaaad0e33e357fa849') in 0.018022 seconds 
  Import took 0.022150 seconds .

========================================================================
Received Import Request.
  Time since last request: 0.000425 seconds.
  path: Assets/Sprites/Walk (9).png
  artifactKey: Guid(a4d51264d95c04f4a9d4cbb3e2b1d988) Importer(815301076,1909f56bfc062723c751e8b465ee728b)
Start importing Assets/Sprites/Walk (9).png using Guid(a4d51264d95c04f4a9d4cbb3e2b1d988) Importer(815301076,1909f56bfc062723c751e8b465ee728b)  -> (artifact id: '90a9986340948701fdeb0b68ac8a8a42') in 0.015581 seconds 
  Import took 0.020087 seconds .

========================================================================
Received Import Request.
  Time since last request: 0.000482 seconds.
  path: Assets/Sprites/Slide (8).png
  artifactKey: Guid(211e5de4bcd0cd74cbb817bfec81d32d) Importer(815301076,1909f56bfc062723c751e8b465ee728b)
Start importing Assets/Sprites/Slide (8).png using Guid(211e5de4bcd0cd74cbb817bfec81d32d) Importer(815301076,1909f56bfc062723c751e8b465ee728b)  -> (artifact id: '21daf1837e3a5139e4680d35af7ba857') in 0.017473 seconds 
  Import took 0.022392 seconds .

========================================================================
Received Import Request.
  Time since last request: 0.000481 seconds.
  path: Assets/Sprites/Dead (2).png
  artifactKey: Guid(2507db71b07e3af4695985c9a87ae719) Importer(815301076,1909f56bfc062723c751e8b465ee728b)
Start importing Assets/Sprites/Dead (2).png using Guid(2507db71b07e3af4695985c9a87ae719) Importer(815301076,1909f56bfc062723c751e8b465ee728b)  -> (artifact id: '9b732e506161288b54981ae8bc3d526a') in 0.023470 seconds 
  Import took 0.028914 seconds .

========================================================================
Received Import Request.
  Time since last request: 0.000491 seconds.
  path: Assets/Sprites/Fall (7).png
  artifactKey: Guid(b45626db712c98243ab821fb941506a3) Importer(815301076,1909f56bfc062723c751e8b465ee728b)
Start importing Assets/Sprites/Fall (7).png using Guid(b45626db712c98243ab821fb941506a3) Importer(815301076,1909f56bfc062723c751e8b465ee728b)  -> (artifact id: '5402cdd0c8848b89ac9ca52a8d80b8ae') in 0.018739 seconds 
  Import took 0.023293 seconds .

========================================================================
Received Import Request.
  Time since last request: 0.000533 seconds.
  path: Assets/Sprites/Hurt (10).png
  artifactKey: Guid(96e6eae28feae394284a9b9dcd36e031) Importer(815301076,1909f56bfc062723c751e8b465ee728b)
Start importing Assets/Sprites/Hurt (10).png using Guid(96e6eae28feae394284a9b9dcd36e031) Importer(815301076,1909f56bfc062723c751e8b465ee728b)  -> (artifact id: '82f50ccb155d361f422e38c3cedf79a6') in 0.018747 seconds 
  Import took 0.024220 seconds .

========================================================================
Received Import Request.
  Time since last request: 0.000500 seconds.
  path: Assets/Sprites/Slide (5).png
  artifactKey: Guid(f75d00164c8a62e448b9fa29ebc25bb5) Importer(815301076,1909f56bfc062723c751e8b465ee728b)
Start importing Assets/Sprites/Slide (5).png using Guid(f75d00164c8a62e448b9fa29ebc25bb5) Importer(815301076,1909f56bfc062723c751e8b465ee728b)  -> (artifact id: '193d42001edd22cf005b984952d316eb') in 0.021015 seconds 
  Import took 0.025873 seconds .

========================================================================
Received Import Request.
  Time since last request: 0.000409 seconds.
  path: Assets/Sprites/Walk (5).png
  artifactKey: Guid(a8bb7517894a85e48847760dd53e744e) Importer(815301076,1909f56bfc062723c751e8b465ee728b)
Start importing Assets/Sprites/Walk (5).png using Guid(a8bb7517894a85e48847760dd53e744e) Importer(815301076,1909f56bfc062723c751e8b465ee728b)  -> (artifact id: 'bf81b16521c2b470396bba9b0aaa6598') in 0.021879 seconds 
  Import took 0.026917 seconds .

========================================================================
Received Import Request.
  Time since last request: 0.000643 seconds.
  path: Assets/Sprites/Walk (10).png
  artifactKey: Guid(e2da8b4835f1d6e4da2d4608033cb8ad) Importer(815301076,1909f56bfc062723c751e8b465ee728b)
Start importing Assets/Sprites/Walk (10).png using Guid(e2da8b4835f1d6e4da2d4608033cb8ad) Importer(815301076,1909f56bfc062723c751e8b465ee728b)  -> (artifact id: 'e63f7bc21acb02ae35b78b6f46a063e5') in 0.021766 seconds 
  Import took 0.027138 seconds .

========================================================================
Received Import Request.
  Time since last request: 0.000420 seconds.
  path: Assets/Sprites/Fall (3).png
  artifactKey: Guid(ae9e834eb016e4147a875679d6b77ab5) Importer(815301076,1909f56bfc062723c751e8b465ee728b)
Start importing Assets/Sprites/Fall (3).png using Guid(ae9e834eb016e4147a875679d6b77ab5) Importer(815301076,1909f56bfc062723c751e8b465ee728b)  -> (artifact id: '4b2cb5711b3b7c1e1671af9a1c5bfe23') in 0.020718 seconds 
  Import took 0.025600 seconds .

========================================================================
Received Import Request.
  Time since last request: 0.000404 seconds.
  path: Assets/Sprites/Hurt (7).png
  artifactKey: Guid(a564431bdd75e054cb58e9822d130a1d) Importer(815301076,1909f56bfc062723c751e8b465ee728b)
Start importing Assets/Sprites/Hurt (7).png using Guid(a564431bdd75e054cb58e9822d130a1d) Importer(815301076,1909f56bfc062723c751e8b465ee728b)  -> (artifact id: 'db3907db77462c1fbb4e2151de977776') in 0.020130 seconds 
  Import took 0.024762 seconds .

========================================================================
Received Import Request.
  Time since last request: 0.000543 seconds.
  path: Assets/Sprites/Hurt (2).png
  artifactKey: Guid(c2c011f880c05484a91883b9985f6018) Importer(815301076,1909f56bfc062723c751e8b465ee728b)
Start importing Assets/Sprites/Hurt (2).png using Guid(c2c011f880c05484a91883b9985f6018) Importer(815301076,1909f56bfc062723c751e8b465ee728b)  -> (artifact id: '9ca57d85599cff64f8a5e993285235bb') in 0.017734 seconds 
  Import took 0.024469 seconds .

========================================================================
Received Import Request.
  Time since last request: 0.000481 seconds.
  path: Assets/Sprites/Run (8).png
  artifactKey: Guid(6462cf0b4e9f45b45a93b3207ea908aa) Importer(815301076,1909f56bfc062723c751e8b465ee728b)
Start importing Assets/Sprites/Run (8).png using Guid(6462cf0b4e9f45b45a93b3207ea908aa) Importer(815301076,1909f56bfc062723c751e8b465ee728b)  -> (artifact id: '990961825558624e6d936b7045e4a098') in 0.018142 seconds 
  Import took 0.022814 seconds .

========================================================================
Received Import Request.
  Time since last request: 0.000492 seconds.
  path: Assets/Sprites/Idle (1).png
  artifactKey: Guid(4a2b71294d07fe44b95f53b106c5f88c) Importer(815301076,1909f56bfc062723c751e8b465ee728b)
Start importing Assets/Sprites/Idle (1).png using Guid(4a2b71294d07fe44b95f53b106c5f88c) Importer(815301076,1909f56bfc062723c751e8b465ee728b)  -> (artifact id: 'fd7c2e707dd7873a9ea6f568244cb4ef') in 0.016595 seconds 
  Import took 0.021894 seconds .

========================================================================
Received Import Request.
  Time since last request: 0.000439 seconds.
  path: Assets/Sprites/Walk (1).png
  artifactKey: Guid(5bf0ac6340005834392acfe9af466f8a) Importer(815301076,1909f56bfc062723c751e8b465ee728b)
Start importing Assets/Sprites/Walk (1).png using Guid(5bf0ac6340005834392acfe9af466f8a) Importer(815301076,1909f56bfc062723c751e8b465ee728b)  -> (artifact id: '5a3619de6ced328c13f19eceb3d9a695') in 0.016986 seconds 
  Import took 0.021326 seconds .

========================================================================
Received Import Request.
  Time since last request: 0.000423 seconds.
  path: Assets/Sprites/Run (6).png
  artifactKey: Guid(50c4449333f301745bcf567441d781e1) Importer(815301076,1909f56bfc062723c751e8b465ee728b)
Start importing Assets/Sprites/Run (6).png using Guid(50c4449333f301745bcf567441d781e1) Importer(815301076,1909f56bfc062723c751e8b465ee728b)  -> (artifact id: '712816c6b3f1cd6a399cac54276f57ef') in 0.019457 seconds 
  Import took 0.023804 seconds .

========================================================================
Received Import Request.
  Time since last request: 0.000452 seconds.
  path: Assets/Sprites/Jump (4).png
  artifactKey: Guid(b3ccffc191a3139438bf9f53b6f66450) Importer(815301076,1909f56bfc062723c751e8b465ee728b)
Start importing Assets/Sprites/Jump (4).png using Guid(b3ccffc191a3139438bf9f53b6f66450) Importer(815301076,1909f56bfc062723c751e8b465ee728b)  -> (artifact id: '7c50ed39087ec91ae425f768d3957561') in 0.020367 seconds 
  Import took 0.025732 seconds .

========================================================================
Received Import Request.
  Time since last request: 0.000485 seconds.
  path: Assets/Sprites/Fall (5).png
  artifactKey: Guid(c7b2d623e70792244abcd776e8de4ce8) Importer(815301076,1909f56bfc062723c751e8b465ee728b)
Start importing Assets/Sprites/Fall (5).png using Guid(c7b2d623e70792244abcd776e8de4ce8) Importer(815301076,1909f56bfc062723c751e8b465ee728b)  -> (artifact id: '61307a3f6bbd08c008d4ff35ae9abd27') in 0.024694 seconds 
  Import took 0.030133 seconds .

========================================================================
Received Import Request.
  Time since last request: 0.000486 seconds.
  path: Assets/Sprites/Jump (6).png
  artifactKey: Guid(62a484e2f3d92824e86e62e7be23f395) Importer(815301076,1909f56bfc062723c751e8b465ee728b)
Start importing Assets/Sprites/Jump (6).png using Guid(62a484e2f3d92824e86e62e7be23f395) Importer(815301076,1909f56bfc062723c751e8b465ee728b)  -> (artifact id: 'cff04e9f10a05e62bd1fe6bf0b101764') in 0.022592 seconds 
  Import took 0.027925 seconds .

========================================================================
Received Import Request.
  Time since last request: 0.000683 seconds.
  path: Assets/Sprites/Run (2).png
  artifactKey: Guid(5e4fd809d6c5e2d49b6e956e2ac0ca1b) Importer(815301076,1909f56bfc062723c751e8b465ee728b)
Start importing Assets/Sprites/Run (2).png using Guid(5e4fd809d6c5e2d49b6e956e2ac0ca1b) Importer(815301076,1909f56bfc062723c751e8b465ee728b)  -> (artifact id: '624f6f1c31bd36bfde28d9ba66e668df') in 0.018256 seconds 
  Import took 0.023905 seconds .

========================================================================
Received Import Request.
  Time since last request: 0.000492 seconds.
  path: Assets/Sprites/Jump (8).png
  artifactKey: Guid(250fbbe7a972db543b0ff9635eb00a09) Importer(815301076,1909f56bfc062723c751e8b465ee728b)
Start importing Assets/Sprites/Jump (8).png using Guid(250fbbe7a972db543b0ff9635eb00a09) Importer(815301076,1909f56bfc062723c751e8b465ee728b)  -> (artifact id: '0e3d1ac341ba96eb04674157e0264fe3') in 0.016744 seconds 
  Import took 0.021272 seconds .

========================================================================
Received Import Request.
  Time since last request: 0.000421 seconds.
  path: Assets/Sprites/Slide (3).png
  artifactKey: Guid(bae6bdff4e55b7743a115ae67873ae0d) Importer(815301076,1909f56bfc062723c751e8b465ee728b)
Start importing Assets/Sprites/Slide (3).png using Guid(bae6bdff4e55b7743a115ae67873ae0d) Importer(815301076,1909f56bfc062723c751e8b465ee728b)  -> (artifact id: '5197461bb894e77890b1029494179670') in 0.016928 seconds 
  Import took 0.022018 seconds .

========================================================================
Received Import Request.
  Time since last request: 0.000459 seconds.
  path: Assets/Sprites/Idle (7).png
  artifactKey: Guid(2af2386113586bd43b7401f52f41e08e) Importer(815301076,1909f56bfc062723c751e8b465ee728b)
Start importing Assets/Sprites/Idle (7).png using Guid(2af2386113586bd43b7401f52f41e08e) Importer(815301076,1909f56bfc062723c751e8b465ee728b)  -> (artifact id: 'd0bf1f653ace2c47017c942724e35bb4') in 0.017771 seconds 
  Import took 0.023055 seconds .

========================================================================
Received Import Request.
  Time since last request: 0.000425 seconds.
  path: Assets/Sprites/Dead (5).png
  artifactKey: Guid(986b1d8b33a853a44a27f71b63b86240) Importer(815301076,1909f56bfc062723c751e8b465ee728b)
Start importing Assets/Sprites/Dead (5).png using Guid(986b1d8b33a853a44a27f71b63b86240) Importer(815301076,1909f56bfc062723c751e8b465ee728b)  -> (artifact id: '52cef4f66538c3db6525a8645e617043') in 0.017727 seconds 
  Import took 0.021961 seconds .

========================================================================
Received Import Request.
  Time since last request: 0.000480 seconds.
  path: Assets/Sprites/Fall (1).png
  artifactKey: Guid(72ba7e8120c096940a0c8d118f9891f2) Importer(815301076,1909f56bfc062723c751e8b465ee728b)
Start importing Assets/Sprites/Fall (1).png using Guid(72ba7e8120c096940a0c8d118f9891f2) Importer(815301076,1909f56bfc062723c751e8b465ee728b)  -> (artifact id: '3f58725ea6db77c7df86fb963b701034') in 0.020293 seconds 
  Import took 0.025677 seconds .

========================================================================
Received Import Request.
  Time since last request: 0.000469 seconds.
  path: Assets/Sprites/Slide (6).png
  artifactKey: Guid(7dfd50b51c2514f4c82e585a1ea924d4) Importer(815301076,1909f56bfc062723c751e8b465ee728b)
Start importing Assets/Sprites/Slide (6).png using Guid(7dfd50b51c2514f4c82e585a1ea924d4) Importer(815301076,1909f56bfc062723c751e8b465ee728b)  -> (artifact id: '14030c5ee344e419a609718e25e95e8d') in 0.022933 seconds 
  Import took 0.028311 seconds .

========================================================================
Received Import Request.
  Time since last request: 0.000509 seconds.
  path: Assets/Sprites/Idle (6).png
  artifactKey: Guid(fa297c29d6a7fab4da35c57afce0961f) Importer(815301076,1909f56bfc062723c751e8b465ee728b)
Start importing Assets/Sprites/Idle (6).png using Guid(fa297c29d6a7fab4da35c57afce0961f) Importer(815301076,1909f56bfc062723c751e8b465ee728b)  -> (artifact id: '96644218272da7dff160c357357ca6a7') in 0.024299 seconds 
  Import took 0.031025 seconds .

========================================================================
Received Import Request.
  Time since last request: 0.000343 seconds.
  path: Assets/Sprites/Run (1).png
  artifactKey: Guid(ddd2d1d107f934c48b3cdb8fe90b9180) Importer(815301076,1909f56bfc062723c751e8b465ee728b)
Start importing Assets/Sprites/Run (1).png using Guid(ddd2d1d107f934c48b3cdb8fe90b9180) Importer(815301076,1909f56bfc062723c751e8b465ee728b)  -> (artifact id: '079d0e9e3d4fdcd5ba75197d95709bec') in 0.026383 seconds 
  Import took 0.033719 seconds .

========================================================================
Received Import Request.
  Time since last request: 0.000874 seconds.
  path: Assets/Sprites/Dead (4).png
  artifactKey: Guid(30683a34fe5256746986b78b1e5e1895) Importer(815301076,1909f56bfc062723c751e8b465ee728b)
Start importing Assets/Sprites/Dead (4).png using Guid(30683a34fe5256746986b78b1e5e1895) Importer(815301076,1909f56bfc062723c751e8b465ee728b)  -> (artifact id: '557c26608156cf2fb609b2954db6f342') in 0.026340 seconds 
  Import took 0.033247 seconds .

========================================================================
Received Import Request.
  Time since last request: 0.000856 seconds.
  path: Assets/Sprites/Idle (9).png
  artifactKey: Guid(b34853fe36a66494f9074f1d2c801c04) Importer(815301076,1909f56bfc062723c751e8b465ee728b)
Start importing Assets/Sprites/Idle (9).png using Guid(b34853fe36a66494f9074f1d2c801c04) Importer(815301076,1909f56bfc062723c751e8b465ee728b)  -> (artifact id: '4a3fe24429f7909f516bff95ecf9468b') in 0.030929 seconds 
  Import took 0.037256 seconds .

========================================================================
Received Import Request.
  Time since last request: 0.000463 seconds.
  path: Assets/Sprites/Hurt (8).png
  artifactKey: Guid(9e25bb2fb0356cd4d947d422570abe14) Importer(815301076,1909f56bfc062723c751e8b465ee728b)
Start importing Assets/Sprites/Hurt (8).png using Guid(9e25bb2fb0356cd4d947d422570abe14) Importer(815301076,1909f56bfc062723c751e8b465ee728b)  -> (artifact id: 'ccc1df1f5bf9242e38ce58834bc12597') in 0.034497 seconds 
  Import took 0.041905 seconds .

========================================================================
Received Import Request.
  Time since last request: 0.000575 seconds.
  path: Assets/Sprites/Jump (5).png
  artifactKey: Guid(addc0f1187a19904f9732067d8925b2f) Importer(815301076,1909f56bfc062723c751e8b465ee728b)
Start importing Assets/Sprites/Jump (5).png using Guid(addc0f1187a19904f9732067d8925b2f) Importer(815301076,1909f56bfc062723c751e8b465ee728b)  -> (artifact id: '3230e58a15191b5d2778f46f30b48b47') in 0.029142 seconds 
  Import took 0.038576 seconds .

========================================================================
Received Import Request.
  Time since last request: 0.000511 seconds.
  path: Assets/Sprites/Slide (10).png
  artifactKey: Guid(5612c6f7e482eaa4a90ee17909c7c918) Importer(815301076,1909f56bfc062723c751e8b465ee728b)
Start importing Assets/Sprites/Slide (10).png using Guid(5612c6f7e482eaa4a90ee17909c7c918) Importer(815301076,1909f56bfc062723c751e8b465ee728b)  -> (artifact id: '9ee8dfefb4b05529e223941c68c26b4b') in 0.035097 seconds 
  Import took 0.040680 seconds .

========================================================================
Received Import Request.
  Time since last request: 0.000466 seconds.
  path: Assets/Sprites/Walk (6).png
  artifactKey: Guid(b5f484050e413784e9d3daf4e12880ac) Importer(815301076,1909f56bfc062723c751e8b465ee728b)
Start importing Assets/Sprites/Walk (6).png using Guid(b5f484050e413784e9d3daf4e12880ac) Importer(815301076,1909f56bfc062723c751e8b465ee728b)  -> (artifact id: '7dcdc4e1e95bdf78914acaa504183496') in 0.026801 seconds 
  Import took 0.033795 seconds .

========================================================================
Received Import Request.
  Time since last request: 0.000499 seconds.
  path: Assets/Sprites/Slide (1).png
  artifactKey: Guid(c96b43d718374274e93f8176a6921e0f) Importer(815301076,1909f56bfc062723c751e8b465ee728b)
Start importing Assets/Sprites/Slide (1).png using Guid(c96b43d718374274e93f8176a6921e0f) Importer(815301076,1909f56bfc062723c751e8b465ee728b)  -> (artifact id: 'a953865156ca06dbbefa95a9b6d752de') in 0.025503 seconds 
  Import took 0.031310 seconds .

========================================================================
Received Import Request.
  Time since last request: 0.000719 seconds.
  path: Assets/Sprites/Dead (6).png
  artifactKey: Guid(7efb86acb5dedb24e879ff793e02c07c) Importer(815301076,1909f56bfc062723c751e8b465ee728b)
Start importing Assets/Sprites/Dead (6).png using Guid(7efb86acb5dedb24e879ff793e02c07c) Importer(815301076,1909f56bfc062723c751e8b465ee728b)  -> (artifact id: '7b695a258c612eeece1e104e8b659a23') in 0.027368 seconds 
  Import took 0.033312 seconds .

========================================================================
Received Import Request.
  Time since last request: 0.000672 seconds.
  path: Assets/Sprites/Fall (8).png
  artifactKey: Guid(d498100de6bc7de4e96dd5985f846d60) Importer(815301076,1909f56bfc062723c751e8b465ee728b)
Start importing Assets/Sprites/Fall (8).png using Guid(d498100de6bc7de4e96dd5985f846d60) Importer(815301076,1909f56bfc062723c751e8b465ee728b)  -> (artifact id: '655f1c4c9eb967fb7e768f5f7ed2c109') in 0.023697 seconds 
  Import took 0.030919 seconds .

========================================================================
Received Import Request.
  Time since last request: 0.000461 seconds.
  path: Assets/Sprites/Hurt (5).png
  artifactKey: Guid(6a09617a7d04d3340a4b100da626b767) Importer(815301076,1909f56bfc062723c751e8b465ee728b)
Start importing Assets/Sprites/Hurt (5).png using Guid(6a09617a7d04d3340a4b100da626b767) Importer(815301076,1909f56bfc062723c751e8b465ee728b)  -> (artifact id: 'd2d1c242f0ffa330eccd3912056ba72f') in 0.023416 seconds 
  Import took 0.030422 seconds .

========================================================================
Received Import Request.
  Time since last request: 0.000480 seconds.
  path: Assets/Sprites/Run (5).png
  artifactKey: Guid(2a38c5f76aa45fa4dbcf0d4d00853809) Importer(815301076,1909f56bfc062723c751e8b465ee728b)
Start importing Assets/Sprites/Run (5).png using Guid(2a38c5f76aa45fa4dbcf0d4d00853809) Importer(815301076,1909f56bfc062723c751e8b465ee728b)  -> (artifact id: '654bb0a3852c044707f022ced0e6265f') in 0.027046 seconds 
  Import took 0.032240 seconds .

========================================================================
Received Import Request.
  Time since last request: 0.000482 seconds.
  path: Assets/Sprites/Dead (8).png
  artifactKey: Guid(66923e1c5fba86c46bfab9bb9f068df1) Importer(815301076,1909f56bfc062723c751e8b465ee728b)
Start importing Assets/Sprites/Dead (8).png using Guid(66923e1c5fba86c46bfab9bb9f068df1) Importer(815301076,1909f56bfc062723c751e8b465ee728b)  -> (artifact id: '5c17ebc2dc0ea1e4a8b9f869605b0f1d') in 0.022511 seconds 
  Import took 0.029304 seconds .

========================================================================
Received Import Request.
  Time since last request: 0.000627 seconds.
  path: Assets/Sprites/Walk (2).png
  artifactKey: Guid(1c2bbd8a80184744d9b04d5fa1557a74) Importer(815301076,1909f56bfc062723c751e8b465ee728b)
Start importing Assets/Sprites/Walk (2).png using Guid(1c2bbd8a80184744d9b04d5fa1557a74) Importer(815301076,1909f56bfc062723c751e8b465ee728b)  -> (artifact id: 'e722018dcfe6ece5ad4e886197391d04') in 0.026146 seconds 
  Import took 0.032095 seconds .

========================================================================
Received Import Request.
  Time since last request: 0.000460 seconds.
  path: Assets/Sprites/Run (4).png
  artifactKey: Guid(18d63b1a784baff46aee2c9ea459667f) Importer(815301076,1909f56bfc062723c751e8b465ee728b)
Start importing Assets/Sprites/Run (4).png using Guid(18d63b1a784baff46aee2c9ea459667f) Importer(815301076,1909f56bfc062723c751e8b465ee728b)  -> (artifact id: '49ebd029498c653e0f173de3c812985b') in 0.023482 seconds 
  Import took 0.030065 seconds .

========================================================================
Received Import Request.
  Time since last request: 0.000466 seconds.
  path: Assets/Sprites/Jump (2).png
  artifactKey: Guid(b332eaa11c469c442b7f644cc215e624) Importer(815301076,1909f56bfc062723c751e8b465ee728b)
Start importing Assets/Sprites/Jump (2).png using Guid(b332eaa11c469c442b7f644cc215e624) Importer(815301076,1909f56bfc062723c751e8b465ee728b)  -> (artifact id: '3009afb0b636088b09c3ed9b0032545e') in 0.024961 seconds 
  Import took 0.030442 seconds .

========================================================================
Received Import Request.
  Time since last request: 0.000444 seconds.
  path: Assets/Sprites/Hurt (6).png
  artifactKey: Guid(1150cd9fb7980654f90e5f4c8dda642e) Importer(815301076,1909f56bfc062723c751e8b465ee728b)
Start importing Assets/Sprites/Hurt (6).png using Guid(1150cd9fb7980654f90e5f4c8dda642e) Importer(815301076,1909f56bfc062723c751e8b465ee728b)  -> (artifact id: 'c66a37ed002863ce26256050875be4ad') in 0.023400 seconds 
  Import took 0.029528 seconds .

========================================================================
Received Import Request.
  Time since last request: 0.000507 seconds.
  path: Assets/Sprites/Dead (10).png
  artifactKey: Guid(86c0c7ebf434f474cac6f590a8137aad) Importer(815301076,1909f56bfc062723c751e8b465ee728b)
Start importing Assets/Sprites/Dead (10).png using Guid(86c0c7ebf434f474cac6f590a8137aad) Importer(815301076,1909f56bfc062723c751e8b465ee728b)  -> (artifact id: '3a275d6db149a21bf873ea4ead0ce761') in 0.026295 seconds 
  Import took 0.031919 seconds .

========================================================================
Received Import Request.
  Time since last request: 0.000474 seconds.
  path: Assets/Sprites/Walk (4).png
  artifactKey: Guid(7241954a7bf189346a05635555e1cdbb) Importer(815301076,1909f56bfc062723c751e8b465ee728b)
Start importing Assets/Sprites/Walk (4).png using Guid(7241954a7bf189346a05635555e1cdbb) Importer(815301076,1909f56bfc062723c751e8b465ee728b)  -> (artifact id: 'a1b28bcb006649fcbc4d6f61bd1b9c0f') in 0.024295 seconds 
  Import took 0.031083 seconds .

========================================================================
Received Import Request.
  Time since last request: 0.000498 seconds.
  path: Assets/Sprites/Slide (4).png
  artifactKey: Guid(76faab5853e7192469337968d510d568) Importer(815301076,1909f56bfc062723c751e8b465ee728b)
Start importing Assets/Sprites/Slide (4).png using Guid(76faab5853e7192469337968d510d568) Importer(815301076,1909f56bfc062723c751e8b465ee728b)  -> (artifact id: '6c6b866cd119bfa5c64937ceef854ad2') in 0.024210 seconds 
  Import took 0.029233 seconds .

========================================================================
Received Import Request.
  Time since last request: 0.000485 seconds.
  path: Assets/Sprites/Jump (7).png
  artifactKey: Guid(23ffc5ee5d2c7f84a9cd39d2f5e5ec55) Importer(815301076,1909f56bfc062723c751e8b465ee728b)
Start importing Assets/Sprites/Jump (7).png using Guid(23ffc5ee5d2c7f84a9cd39d2f5e5ec55) Importer(815301076,1909f56bfc062723c751e8b465ee728b)  -> (artifact id: '850ed44f76d036ba27302a49e1b29a10') in 0.027838 seconds 
  Import took 0.033311 seconds .

========================================================================
Received Import Request.
  Time since last request: 0.000500 seconds.
  path: Assets/Sprites/Run (3).png
  artifactKey: Guid(56598dff9931b6c46becf11719f1a713) Importer(815301076,1909f56bfc062723c751e8b465ee728b)
Start importing Assets/Sprites/Run (3).png using Guid(56598dff9931b6c46becf11719f1a713) Importer(815301076,1909f56bfc062723c751e8b465ee728b)  -> (artifact id: '83fdd4278a7dc2cccb58b92e307cd433') in 0.025725 seconds 
  Import took 0.032342 seconds .

========================================================================
Received Import Request.
  Time since last request: 0.000503 seconds.
  path: Assets/Sprites/Dead (7).png
  artifactKey: Guid(ad0dfb355030662459219f8a629f5395) Importer(815301076,1909f56bfc062723c751e8b465ee728b)
Start importing Assets/Sprites/Dead (7).png using Guid(ad0dfb355030662459219f8a629f5395) Importer(815301076,1909f56bfc062723c751e8b465ee728b)  -> (artifact id: '10d89066f60be8c063f774f0bfb59fa5') in 0.026254 seconds 
  Import took 0.032215 seconds .

========================================================================
Received Import Request.
  Time since last request: 0.000574 seconds.
  path: Assets/Sprites/Idle (4).png
  artifactKey: Guid(68a0053b38ee4574eb86a93a033afde4) Importer(815301076,1909f56bfc062723c751e8b465ee728b)
Start importing Assets/Sprites/Idle (4).png using Guid(68a0053b38ee4574eb86a93a033afde4) Importer(815301076,1909f56bfc062723c751e8b465ee728b)  -> (artifact id: 'd25b6d07f78a5b8da70a455606a0fb26') in 0.023479 seconds 
  Import took 0.029169 seconds .

========================================================================
Received Import Request.
  Time since last request: 0.000420 seconds.
  path: Assets/Sprites/Fall (4).png
  artifactKey: Guid(e86cf84799a00914ba6379c430068438) Importer(815301076,1909f56bfc062723c751e8b465ee728b)
Start importing Assets/Sprites/Fall (4).png using Guid(e86cf84799a00914ba6379c430068438) Importer(815301076,1909f56bfc062723c751e8b465ee728b)  -> (artifact id: 'a46a27b2937366b5ab595430105bf353') in 0.022403 seconds 
  Import took 0.028085 seconds .

========================================================================
Received Import Request.
  Time since last request: 0.000507 seconds.
  path: Assets/Sprites/Idle (3).png
  artifactKey: Guid(444e32bf5410fef42a073f1e6a3d3701) Importer(815301076,1909f56bfc062723c751e8b465ee728b)
Start importing Assets/Sprites/Idle (3).png using Guid(444e32bf5410fef42a073f1e6a3d3701) Importer(815301076,1909f56bfc062723c751e8b465ee728b)  -> (artifact id: '89ff214651c1c480141967deacf8d9a0') in 0.022480 seconds 
  Import took 0.029035 seconds .

========================================================================
Received Import Request.
  Time since last request: 0.000468 seconds.
  path: Assets/Sprites/Idle (5).png
  artifactKey: Guid(085b0141de211a94891f0f1850ed7a18) Importer(815301076,1909f56bfc062723c751e8b465ee728b)
Start importing Assets/Sprites/Idle (5).png using Guid(085b0141de211a94891f0f1850ed7a18) Importer(815301076,1909f56bfc062723c751e8b465ee728b)  -> (artifact id: '11fddad0052a52331ca68810b0413a28') in 0.021984 seconds 
  Import took 0.027886 seconds .

========================================================================
Received Import Request.
  Time since last request: 0.000805 seconds.
  path: Assets/Sprites/Jump (1).png
  artifactKey: Guid(ce899d3966d1ad24e9698f9dbbc7f354) Importer(815301076,1909f56bfc062723c751e8b465ee728b)
Start importing Assets/Sprites/Jump (1).png using Guid(ce899d3966d1ad24e9698f9dbbc7f354) Importer(815301076,1909f56bfc062723c751e8b465ee728b)  -> (artifact id: '5a00b807eae3b503d13f28842f711476') in 0.023884 seconds 
  Import took 0.029715 seconds .

========================================================================
Received Import Request.
  Time since last request: 0.000445 seconds.
  path: Assets/Sprites/Dead (3).png
  artifactKey: Guid(846e82a56b5798544976804819ec2095) Importer(815301076,1909f56bfc062723c751e8b465ee728b)
Start importing Assets/Sprites/Dead (3).png using Guid(846e82a56b5798544976804819ec2095) Importer(815301076,1909f56bfc062723c751e8b465ee728b)  -> (artifact id: 'ab019174307019d9a1d4fd7614373a30') in 0.025333 seconds 
  Import took 0.031552 seconds .

========================================================================
Received Import Request.
  Time since last request: 0.000816 seconds.
  path: Assets/Sprites/Fall (6).png
  artifactKey: Guid(173819f9f58c5224b9ecf30babf3c00a) Importer(815301076,1909f56bfc062723c751e8b465ee728b)
Start importing Assets/Sprites/Fall (6).png using Guid(173819f9f58c5224b9ecf30babf3c00a) Importer(815301076,1909f56bfc062723c751e8b465ee728b)  -> (artifact id: '7bfeb15f9e2350e9147fa249f0eb9e35') in 0.024560 seconds 
  Import took 0.030217 seconds .

========================================================================
Received Import Request.
  Time since last request: 0.000429 seconds.
  path: Assets/Sprites/Run (7).png
  artifactKey: Guid(237149f738c8dcb4abb8bef062f6ed1a) Importer(815301076,1909f56bfc062723c751e8b465ee728b)
Start importing Assets/Sprites/Run (7).png using Guid(237149f738c8dcb4abb8bef062f6ed1a) Importer(815301076,1909f56bfc062723c751e8b465ee728b)  -> (artifact id: 'e45bb6ef296c531607d15a932f5fa164') in 0.032534 seconds 
  Import took 0.039337 seconds .

========================================================================
Received Import Request.
  Time since last request: 0.000615 seconds.
  path: Assets/Sprites/Slide (2).png
  artifactKey: Guid(cdcb8a882521ed345a7c038cb2a09592) Importer(815301076,1909f56bfc062723c751e8b465ee728b)
Start importing Assets/Sprites/Slide (2).png using Guid(cdcb8a882521ed345a7c038cb2a09592) Importer(815301076,1909f56bfc062723c751e8b465ee728b)  -> (artifact id: '193b29a9085e619b4e3e84d5bf5e94f8') in 0.027785 seconds 
  Import took 0.036634 seconds .

========================================================================
Received Import Request.
  Time since last request: 0.000555 seconds.
  path: Assets/Sprites/Jump (3).png
  artifactKey: Guid(1b4c9beb2ddfeca429efa863ffe4c2b3) Importer(815301076,1909f56bfc062723c751e8b465ee728b)
Start importing Assets/Sprites/Jump (3).png using Guid(1b4c9beb2ddfeca429efa863ffe4c2b3) Importer(815301076,1909f56bfc062723c751e8b465ee728b)  -> (artifact id: 'fcb30280fef9772b0fd523a8acd05204') in 0.024392 seconds 
  Import took 0.030623 seconds .

========================================================================
Received Import Request.
  Time since last request: 0.000487 seconds.
  path: Assets/Sprites/Walk (7).png
  artifactKey: Guid(4f19ba35af461254aa950b6dae7f4460) Importer(815301076,1909f56bfc062723c751e8b465ee728b)
Start importing Assets/Sprites/Walk (7).png using Guid(4f19ba35af461254aa950b6dae7f4460) Importer(815301076,1909f56bfc062723c751e8b465ee728b)  -> (artifact id: '9e2968c249f5fb85c1087d1969888ee5') in 0.025729 seconds 
  Import took 0.031831 seconds .

========================================================================
Received Import Request.
  Time since last request: 0.000607 seconds.
  path: Assets/Sprites/Walk (8).png
  artifactKey: Guid(7a5f5715547e1fd48985394566b63a52) Importer(815301076,1909f56bfc062723c751e8b465ee728b)
Start importing Assets/Sprites/Walk (8).png using Guid(7a5f5715547e1fd48985394566b63a52) Importer(815301076,1909f56bfc062723c751e8b465ee728b)  -> (artifact id: '75e201c1e9a30325f4acc4f07ea4c939') in 0.030454 seconds 
  Import took 0.039060 seconds .

========================================================================
Received Import Request.
  Time since last request: 0.000574 seconds.
  path: Assets/Sprites/Slide (9).png
  artifactKey: Guid(d86ca95907ab2084f88233c36f68f79e) Importer(815301076,1909f56bfc062723c751e8b465ee728b)
Start importing Assets/Sprites/Slide (9).png using Guid(d86ca95907ab2084f88233c36f68f79e) Importer(815301076,1909f56bfc062723c751e8b465ee728b)  -> (artifact id: 'be2baae85dbf29f9ad10a9f82281688a') in 0.041160 seconds 
  Import took 0.051111 seconds .

========================================================================
Received Import Request.
  Time since last request: 0.001200 seconds.
  path: Assets/Sprites/Hurt (1).png
  artifactKey: Guid(3f401ea5f2d44544f981073c67d0503f) Importer(815301076,1909f56bfc062723c751e8b465ee728b)
Start importing Assets/Sprites/Hurt (1).png using Guid(3f401ea5f2d44544f981073c67d0503f) Importer(815301076,1909f56bfc062723c751e8b465ee728b)  -> (artifact id: 'b3e8951eb1100e0da474d9b24b4e9614') in 0.029166 seconds 
  Import took 0.035479 seconds .

========================================================================
Received Import Request.
  Time since last request: 0.000413 seconds.
  path: Assets/Sprites/Dead (9).png
  artifactKey: Guid(96ca3a7cca325504bab37e37d19c4b96) Importer(815301076,1909f56bfc062723c751e8b465ee728b)
Start importing Assets/Sprites/Dead (9).png using Guid(96ca3a7cca325504bab37e37d19c4b96) Importer(815301076,1909f56bfc062723c751e8b465ee728b)  -> (artifact id: '056c7ec2c6006971d1cd7030e29b60ab') in 0.020393 seconds 
  Import took 0.025931 seconds .

========================================================================
Received Import Request.
  Time since last request: 0.000436 seconds.
  path: Assets/Sprites/Hurt (4).png
  artifactKey: Guid(c3d7579afb9a53143a466e3bc0ab320e) Importer(815301076,1909f56bfc062723c751e8b465ee728b)
Start importing Assets/Sprites/Hurt (4).png using Guid(c3d7579afb9a53143a466e3bc0ab320e) Importer(815301076,1909f56bfc062723c751e8b465ee728b)  -> (artifact id: '19219006983bab59e56209a070be5f10') in 0.022047 seconds 
  Import took 0.027513 seconds .

========================================================================
Received Import Request.
  Time since last request: 0.000513 seconds.
  path: Assets/Sprites/Idle (10).png
  artifactKey: Guid(6775cc73fec2dff49b164a8c0b10ce91) Importer(815301076,1909f56bfc062723c751e8b465ee728b)
Start importing Assets/Sprites/Idle (10).png using Guid(6775cc73fec2dff49b164a8c0b10ce91) Importer(815301076,1909f56bfc062723c751e8b465ee728b)  -> (artifact id: '9b9079fa2bac41d9660c80c8676c5da0') in 0.021646 seconds 
  Import took 0.026887 seconds .

========================================================================
Received Import Request.
  Time since last request: 0.000425 seconds.
  path: Assets/Sprites/Hurt (3).png
  artifactKey: Guid(7a487615e603c114eb23c4de5ff23c8c) Importer(815301076,1909f56bfc062723c751e8b465ee728b)
Start importing Assets/Sprites/Hurt (3).png using Guid(7a487615e603c114eb23c4de5ff23c8c) Importer(815301076,1909f56bfc062723c751e8b465ee728b)  -> (artifact id: 'd6e3a0c0b5913932635e91e8d5ef687b') in 0.021025 seconds 
  Import took 0.026638 seconds .

========================================================================
Received Import Request.
  Time since last request: 0.000434 seconds.
  path: Assets/Sprites/Idle (2).png
  artifactKey: Guid(720c23aef9bfdeb47bb8cbb9c450d9ee) Importer(815301076,1909f56bfc062723c751e8b465ee728b)
Start importing Assets/Sprites/Idle (2).png using Guid(720c23aef9bfdeb47bb8cbb9c450d9ee) Importer(815301076,1909f56bfc062723c751e8b465ee728b)  -> (artifact id: 'dfc19c7f0db8c6494d84d8a660011e18') in 0.024941 seconds 
  Import took 0.030627 seconds .

========================================================================
Received Import Request.
  Time since last request: 0.000509 seconds.
  path: Assets/Sprites/Idle (8).png
  artifactKey: Guid(458176e3ae975b844a26a42bcb0809b3) Importer(815301076,1909f56bfc062723c751e8b465ee728b)
Start importing Assets/Sprites/Idle (8).png using Guid(458176e3ae975b844a26a42bcb0809b3) Importer(815301076,1909f56bfc062723c751e8b465ee728b)  -> (artifact id: '1d8f6c55eff5080eb116638199d14048') in 0.026865 seconds 
  Import took 0.032883 seconds .

========================================================================
Received Import Request.
  Time since last request: 0.000641 seconds.
  path: Assets/Sprites/Slide (7).png
  artifactKey: Guid(ec52bae52cae87049896113f71dd8d92) Importer(815301076,1909f56bfc062723c751e8b465ee728b)
Start importing Assets/Sprites/Slide (7).png using Guid(ec52bae52cae87049896113f71dd8d92) Importer(815301076,1909f56bfc062723c751e8b465ee728b)  -> (artifact id: 'afba36b8bcfbb5aad4465da6d99e8f21') in 0.022607 seconds 
  Import took 0.028848 seconds .

========================================================================
Received Prepare
Registering precompiled user dll's ...
Registered in 0.004629 seconds.
Begin MonoManager ReloadAssembly
Native extension for WindowsStandalone target not found
Refreshing native plugins compatible for Editor in 0.43 ms, found 3 plugins.
Preloading 0 native plugins for Editor in 0.00 ms.
Mono: successfully reloaded assembly
- Completed reload, in  0.993 seconds
Domain Reload Profiling:
	ReloadAssembly (994ms)
		BeginReloadAssembly (112ms)
			ExecutionOrderSort (0ms)
			DisableScriptedObjects (5ms)
			BackupInstance (0ms)
			ReleaseScriptingObjects (0ms)
			CreateAndSetChildDomain (34ms)
		EndReloadAssembly (823ms)
			LoadAssemblies (84ms)
			RebuildTransferFunctionScriptingTraits (0ms)
			SetupTypeCache (307ms)
			ReleaseScriptCaches (1ms)
			RebuildScriptCaches (44ms)
			SetupLoadedEditorAssemblies (288ms)
				LogAssemblyErrors (0ms)
				InitializePlatformSupportModulesInManaged (4ms)
				SetLoadedEditorAssemblies (0ms)
				RefreshPlugins (0ms)
				BeforeProcessingInitializeOnLoad (95ms)
				ProcessInitializeOnLoadAttributes (171ms)
				ProcessInitializeOnLoadMethodAttributes (10ms)
				AfterProcessingInitializeOnLoad (7ms)
				EditorAssembliesLoaded (0ms)
			ExecutionOrderSort2 (0ms)
			AwakeInstancesAfterBackupRestoration (8ms)
Platform modules already initialized, skipping
Refreshing native plugins compatible for Editor in 0.46 ms, found 3 plugins.
Preloading 0 native plugins for Editor in 0.00 ms.
Unloading 2187 Unused Serialized files (Serialized files now loaded: 0)
System memory in use before: 99.2 MB.
System memory in use after: 99.4 MB.

Unloading 17 unused Assets to reduce memory usage. Loaded Objects now: 2641.
Total: 2.757400 ms (FindLiveObjects: 0.177100 ms CreateObjectMapping: 0.077300 ms MarkObjects: 2.488100 ms  DeleteObjects: 0.013700 ms)

AssetImportParameters requested are different than current active one (requested -> active):
  custom:framework-win-MediaFoundation: 216162199b28c13a410421893ffa2e32 -> 
  custom:video-decoder-ogg-theora: a1e56fd34408186e4bbccfd4996cb3dc -> 
  custom:container-muxer-webm: aa71ff27fc2769a1b78a27578f13a17b -> 
  custom:container-demuxer-webm: 4f35f7cbe854078d1ac9338744f61a02 -> 
  custom:container-demuxer-ogg: 62fdf1f143b41e24485cea50d1cbac27 -> 
  custom:video-encoder-webm-vp8: eb34c28f22e8b96e1ab97ce403110664 -> 
  custom:video-decoder-webm-vp8: 9c59270c3fd7afecdb556c50c9e8de78 -> 
  custom:audio-decoder-ogg-vorbis: bf7c407c2cedff20999df2af8eb42d56 -> 
  custom:audio-encoder-webm-vorbis: bf7c407c2cedff20999df2af8eb42d56 -> 
========================================================================
Received Import Request.
  Time since last request: 177.013600 seconds.
  path: Assets/Sounds
  artifactKey: Guid(46e835961052db3408a5a76091956dad) Importer(815301076,1909f56bfc062723c751e8b465ee728b)
Start importing Assets/Sounds using Guid(46e835961052db3408a5a76091956dad) Importer(815301076,1909f56bfc062723c751e8b465ee728b)  -> (artifact id: '126eac6e6982d9c5e6a0b75527b5cc9d') in 0.009019 seconds 
  Import took 0.013218 seconds .

========================================================================
Received Prepare
Registering precompiled user dll's ...
Registered in 0.004580 seconds.
Begin MonoManager ReloadAssembly
Native extension for WindowsStandalone target not found
Refreshing native plugins compatible for Editor in 0.43 ms, found 3 plugins.
Preloading 0 native plugins for Editor in 0.00 ms.
Mono: successfully reloaded assembly
- Completed reload, in  1.049 seconds
Domain Reload Profiling:
	ReloadAssembly (1049ms)
		BeginReloadAssembly (123ms)
			ExecutionOrderSort (0ms)
			DisableScriptedObjects (7ms)
			BackupInstance (0ms)
			ReleaseScriptingObjects (0ms)
			CreateAndSetChildDomain (36ms)
		EndReloadAssembly (863ms)
			LoadAssemblies (101ms)
			RebuildTransferFunctionScriptingTraits (0ms)
			SetupTypeCache (321ms)
			ReleaseScriptCaches (1ms)
			RebuildScriptCaches (41ms)
			SetupLoadedEditorAssemblies (304ms)
				LogAssemblyErrors (0ms)
				InitializePlatformSupportModulesInManaged (4ms)
				SetLoadedEditorAssemblies (0ms)
				RefreshPlugins (0ms)
				BeforeProcessingInitializeOnLoad (97ms)
				ProcessInitializeOnLoadAttributes (180ms)
				ProcessInitializeOnLoadMethodAttributes (13ms)
				AfterProcessingInitializeOnLoad (8ms)
				EditorAssembliesLoaded (0ms)
			ExecutionOrderSort2 (0ms)
			AwakeInstancesAfterBackupRestoration (9ms)
Platform modules already initialized, skipping
Refreshing native plugins compatible for Editor in 1.04 ms, found 3 plugins.
Preloading 0 native plugins for Editor in 0.00 ms.
Unloading 2187 Unused Serialized files (Serialized files now loaded: 0)
System memory in use before: 99.3 MB.
System memory in use after: 99.4 MB.

Unloading 17 unused Assets to reduce memory usage. Loaded Objects now: 2643.
Total: 5.201200 ms (FindLiveObjects: 0.263500 ms CreateObjectMapping: 0.079300 ms MarkObjects: 4.836400 ms  DeleteObjects: 0.019700 ms)

AssetImportParameters requested are different than current active one (requested -> active):
  custom:framework-win-MediaFoundation: 216162199b28c13a410421893ffa2e32 -> 
  custom:video-decoder-ogg-theora: a1e56fd34408186e4bbccfd4996cb3dc -> 
  custom:container-muxer-webm: aa71ff27fc2769a1b78a27578f13a17b -> 
  custom:container-demuxer-webm: 4f35f7cbe854078d1ac9338744f61a02 -> 
  custom:container-demuxer-ogg: 62fdf1f143b41e24485cea50d1cbac27 -> 
  custom:video-encoder-webm-vp8: eb34c28f22e8b96e1ab97ce403110664 -> 
  custom:video-decoder-webm-vp8: 9c59270c3fd7afecdb556c50c9e8de78 -> 
  custom:audio-decoder-ogg-vorbis: bf7c407c2cedff20999df2af8eb42d56 -> 
  custom:audio-encoder-webm-vorbis: bf7c407c2cedff20999df2af8eb42d56 -> 
========================================================================
Received Prepare
Registering precompiled user dll's ...
Registered in 0.004628 seconds.
Begin MonoManager ReloadAssembly
Native extension for WindowsStandalone target not found
Refreshing native plugins compatible for Editor in 0.45 ms, found 3 plugins.
Preloading 0 native plugins for Editor in 0.00 ms.
Mono: successfully reloaded assembly
- Completed reload, in  1.000 seconds
Domain Reload Profiling:
	ReloadAssembly (1001ms)
		BeginReloadAssembly (108ms)
			ExecutionOrderSort (0ms)
			DisableScriptedObjects (5ms)
			BackupInstance (0ms)
			ReleaseScriptingObjects (0ms)
			CreateAndSetChildDomain (28ms)
		EndReloadAssembly (834ms)
			LoadAssemblies (89ms)
			RebuildTransferFunctionScriptingTraits (0ms)
			SetupTypeCache (288ms)
			ReleaseScriptCaches (1ms)
			RebuildScriptCaches (48ms)
			SetupLoadedEditorAssemblies (299ms)
				LogAssemblyErrors (0ms)
				InitializePlatformSupportModulesInManaged (4ms)
				SetLoadedEditorAssemblies (0ms)
				RefreshPlugins (1ms)
				BeforeProcessingInitializeOnLoad (95ms)
				ProcessInitializeOnLoadAttributes (181ms)
				ProcessInitializeOnLoadMethodAttributes (11ms)
				AfterProcessingInitializeOnLoad (7ms)
				EditorAssembliesLoaded (0ms)
			ExecutionOrderSort2 (0ms)
			AwakeInstancesAfterBackupRestoration (8ms)
Platform modules already initialized, skipping
Refreshing native plugins compatible for Editor in 0.48 ms, found 3 plugins.
Preloading 0 native plugins for Editor in 0.00 ms.
Unloading 2187 Unused Serialized files (Serialized files now loaded: 0)
System memory in use before: 99.3 MB.
System memory in use after: 99.4 MB.

Unloading 17 unused Assets to reduce memory usage. Loaded Objects now: 2645.
Total: 3.088500 ms (FindLiveObjects: 0.145400 ms CreateObjectMapping: 0.070200 ms MarkObjects: 2.851500 ms  DeleteObjects: 0.020300 ms)

AssetImportParameters requested are different than current active one (requested -> active):
  custom:framework-win-MediaFoundation: 216162199b28c13a410421893ffa2e32 -> 
  custom:video-decoder-ogg-theora: a1e56fd34408186e4bbccfd4996cb3dc -> 
  custom:container-muxer-webm: aa71ff27fc2769a1b78a27578f13a17b -> 
  custom:container-demuxer-webm: 4f35f7cbe854078d1ac9338744f61a02 -> 
  custom:container-demuxer-ogg: 62fdf1f143b41e24485cea50d1cbac27 -> 
  custom:video-encoder-webm-vp8: eb34c28f22e8b96e1ab97ce403110664 -> 
  custom:video-decoder-webm-vp8: 9c59270c3fd7afecdb556c50c9e8de78 -> 
  custom:audio-decoder-ogg-vorbis: bf7c407c2cedff20999df2af8eb42d56 -> 
  custom:audio-encoder-webm-vorbis: bf7c407c2cedff20999df2af8eb42d56 -> 
========================================================================
Received Import Request.
  Time since last request: 211.228826 seconds.
  path: Assets/Animations/Idle (1).controller
  artifactKey: Guid(a71e16c571ad2ab47afadc463bef0c04) Importer(815301076,1909f56bfc062723c751e8b465ee728b)
Start importing Assets/Animations/Idle (1).controller using Guid(a71e16c571ad2ab47afadc463bef0c04) Importer(815301076,1909f56bfc062723c751e8b465ee728b)  -> (artifact id: '3e72b2c5b6f742b0ceecbcf0b47ce168') in 0.027269 seconds 
  Import took 0.031887 seconds .

========================================================================
Received Prepare
Registering precompiled user dll's ...
Registered in 0.004934 seconds.
Begin MonoManager ReloadAssembly
Native extension for WindowsStandalone target not found
Refreshing native plugins compatible for Editor in 0.85 ms, found 3 plugins.
Preloading 0 native plugins for Editor in 0.00 ms.
Mono: successfully reloaded assembly
- Completed reload, in  1.080 seconds
Domain Reload Profiling:
	ReloadAssembly (1080ms)
		BeginReloadAssembly (109ms)
			ExecutionOrderSort (0ms)
			DisableScriptedObjects (7ms)
			BackupInstance (0ms)
			ReleaseScriptingObjects (0ms)
			CreateAndSetChildDomain (30ms)
		EndReloadAssembly (911ms)
			LoadAssemblies (82ms)
			RebuildTransferFunctionScriptingTraits (0ms)
			SetupTypeCache (314ms)
			ReleaseScriptCaches (1ms)
			RebuildScriptCaches (42ms)
			SetupLoadedEditorAssemblies (367ms)
				LogAssemblyErrors (0ms)
				InitializePlatformSupportModulesInManaged (4ms)
				SetLoadedEditorAssemblies (1ms)
				RefreshPlugins (1ms)
				BeforeProcessingInitializeOnLoad (138ms)
				ProcessInitializeOnLoadAttributes (203ms)
				ProcessInitializeOnLoadMethodAttributes (12ms)
				AfterProcessingInitializeOnLoad (8ms)
				EditorAssembliesLoaded (0ms)
			ExecutionOrderSort2 (0ms)
			AwakeInstancesAfterBackupRestoration (9ms)
Platform modules already initialized, skipping
Refreshing native plugins compatible for Editor in 0.59 ms, found 3 plugins.
Preloading 0 native plugins for Editor in 0.00 ms.
Unloading 2187 Unused Serialized files (Serialized files now loaded: 0)
System memory in use before: 99.3 MB.
System memory in use after: 99.5 MB.

Unloading 17 unused Assets to reduce memory usage. Loaded Objects now: 2647.
Total: 4.034600 ms (FindLiveObjects: 0.217200 ms CreateObjectMapping: 0.109400 ms MarkObjects: 3.679300 ms  DeleteObjects: 0.027200 ms)

AssetImportParameters requested are different than current active one (requested -> active):
  custom:framework-win-MediaFoundation: 216162199b28c13a410421893ffa2e32 -> 
  custom:video-decoder-ogg-theora: a1e56fd34408186e4bbccfd4996cb3dc -> 
  custom:container-muxer-webm: aa71ff27fc2769a1b78a27578f13a17b -> 
  custom:container-demuxer-webm: 4f35f7cbe854078d1ac9338744f61a02 -> 
  custom:container-demuxer-ogg: 62fdf1f143b41e24485cea50d1cbac27 -> 
  custom:video-encoder-webm-vp8: eb34c28f22e8b96e1ab97ce403110664 -> 
  custom:video-decoder-webm-vp8: 9c59270c3fd7afecdb556c50c9e8de78 -> 
  custom:audio-decoder-ogg-vorbis: bf7c407c2cedff20999df2af8eb42d56 -> 
  custom:audio-encoder-webm-vorbis: bf7c407c2cedff20999df2af8eb42d56 -> 
========================================================================
Received Prepare
Registering precompiled user dll's ...
Registered in 0.004696 seconds.
Begin MonoManager ReloadAssembly
Native extension for WindowsStandalone target not found
Refreshing native plugins compatible for Editor in 0.60 ms, found 3 plugins.
Preloading 0 native plugins for Editor in 0.00 ms.
Mono: successfully reloaded assembly
- Completed reload, in  1.038 seconds
Domain Reload Profiling:
	ReloadAssembly (1038ms)
		BeginReloadAssembly (173ms)
			ExecutionOrderSort (0ms)
			DisableScriptedObjects (7ms)
			BackupInstance (0ms)
			ReleaseScriptingObjects (0ms)
			CreateAndSetChildDomain (51ms)
		EndReloadAssembly (796ms)
			LoadAssemblies (110ms)
			RebuildTransferFunctionScriptingTraits (0ms)
			SetupTypeCache (279ms)
			ReleaseScriptCaches (1ms)
			RebuildScriptCaches (41ms)
			SetupLoadedEditorAssemblies (289ms)
				LogAssemblyErrors (0ms)
				InitializePlatformSupportModulesInManaged (4ms)
				SetLoadedEditorAssemblies (0ms)
				RefreshPlugins (1ms)
				BeforeProcessingInitializeOnLoad (91ms)
				ProcessInitializeOnLoadAttributes (174ms)
				ProcessInitializeOnLoadMethodAttributes (11ms)
				AfterProcessingInitializeOnLoad (7ms)
				EditorAssembliesLoaded (0ms)
			ExecutionOrderSort2 (0ms)
			AwakeInstancesAfterBackupRestoration (9ms)
Platform modules already initialized, skipping
Refreshing native plugins compatible for Editor in 0.57 ms, found 3 plugins.
Preloading 0 native plugins for Editor in 0.00 ms.
Unloading 2187 Unused Serialized files (Serialized files now loaded: 0)
System memory in use before: 99.4 MB.
System memory in use after: 99.5 MB.

Unloading 17 unused Assets to reduce memory usage. Loaded Objects now: 2649.
Total: 2.632200 ms (FindLiveObjects: 0.146200 ms CreateObjectMapping: 0.069800 ms MarkObjects: 2.399000 ms  DeleteObjects: 0.016200 ms)

AssetImportParameters requested are different than current active one (requested -> active):
  custom:framework-win-MediaFoundation: 216162199b28c13a410421893ffa2e32 -> 
  custom:video-decoder-ogg-theora: a1e56fd34408186e4bbccfd4996cb3dc -> 
  custom:container-muxer-webm: aa71ff27fc2769a1b78a27578f13a17b -> 
  custom:container-demuxer-webm: 4f35f7cbe854078d1ac9338744f61a02 -> 
  custom:container-demuxer-ogg: 62fdf1f143b41e24485cea50d1cbac27 -> 
  custom:video-encoder-webm-vp8: eb34c28f22e8b96e1ab97ce403110664 -> 
  custom:video-decoder-webm-vp8: 9c59270c3fd7afecdb556c50c9e8de78 -> 
  custom:audio-decoder-ogg-vorbis: bf7c407c2cedff20999df2af8eb42d56 -> 
  custom:audio-encoder-webm-vorbis: bf7c407c2cedff20999df2af8eb42d56 -> 
========================================================================
Received Prepare
Registering precompiled user dll's ...
Registered in 0.006517 seconds.
Begin MonoManager ReloadAssembly
Native extension for WindowsStandalone target not found
Refreshing native plugins compatible for Editor in 0.52 ms, found 3 plugins.
Preloading 0 native plugins for Editor in 0.00 ms.
Mono: successfully reloaded assembly
- Completed reload, in  1.261 seconds
Domain Reload Profiling:
	ReloadAssembly (1261ms)
		BeginReloadAssembly (149ms)
			ExecutionOrderSort (0ms)
			DisableScriptedObjects (9ms)
			BackupInstance (0ms)
			ReleaseScriptingObjects (0ms)
			CreateAndSetChildDomain (43ms)
		EndReloadAssembly (1013ms)
			LoadAssemblies (126ms)
			RebuildTransferFunctionScriptingTraits (0ms)
			SetupTypeCache (372ms)
			ReleaseScriptCaches (1ms)
			RebuildScriptCaches (49ms)
			SetupLoadedEditorAssemblies (354ms)
				LogAssemblyErrors (0ms)
				InitializePlatformSupportModulesInManaged (5ms)
				SetLoadedEditorAssemblies (1ms)
				RefreshPlugins (1ms)
				BeforeProcessingInitializeOnLoad (116ms)
				ProcessInitializeOnLoadAttributes (210ms)
				ProcessInitializeOnLoadMethodAttributes (13ms)
				AfterProcessingInitializeOnLoad (9ms)
				EditorAssembliesLoaded (0ms)
			ExecutionOrderSort2 (0ms)
			AwakeInstancesAfterBackupRestoration (10ms)
Platform modules already initialized, skipping
Refreshing native plugins compatible for Editor in 0.51 ms, found 3 plugins.
Preloading 0 native plugins for Editor in 0.00 ms.
Unloading 2187 Unused Serialized files (Serialized files now loaded: 0)
System memory in use before: 99.4 MB.
System memory in use after: 99.5 MB.

Unloading 17 unused Assets to reduce memory usage. Loaded Objects now: 2651.
Total: 3.273000 ms (FindLiveObjects: 0.176700 ms CreateObjectMapping: 0.085600 ms MarkObjects: 2.991600 ms  DeleteObjects: 0.017800 ms)

AssetImportParameters requested are different than current active one (requested -> active):
  custom:framework-win-MediaFoundation: 216162199b28c13a410421893ffa2e32 -> 
  custom:video-decoder-ogg-theora: a1e56fd34408186e4bbccfd4996cb3dc -> 
  custom:container-muxer-webm: aa71ff27fc2769a1b78a27578f13a17b -> 
  custom:container-demuxer-webm: 4f35f7cbe854078d1ac9338744f61a02 -> 
  custom:container-demuxer-ogg: 62fdf1f143b41e24485cea50d1cbac27 -> 
  custom:video-encoder-webm-vp8: eb34c28f22e8b96e1ab97ce403110664 -> 
  custom:video-decoder-webm-vp8: 9c59270c3fd7afecdb556c50c9e8de78 -> 
  custom:audio-decoder-ogg-vorbis: bf7c407c2cedff20999df2af8eb42d56 -> 
  custom:audio-encoder-webm-vorbis: bf7c407c2cedff20999df2af8eb42d56 -> 
========================================================================
Received Prepare
Registering precompiled user dll's ...
Registered in 0.004677 seconds.
Begin MonoManager ReloadAssembly
Native extension for WindowsStandalone target not found
Refreshing native plugins compatible for Editor in 0.68 ms, found 3 plugins.
Preloading 0 native plugins for Editor in 0.00 ms.
Mono: successfully reloaded assembly
- Completed reload, in  1.409 seconds
Domain Reload Profiling:
	ReloadAssembly (1409ms)
		BeginReloadAssembly (150ms)
			ExecutionOrderSort (0ms)
			DisableScriptedObjects (9ms)
			BackupInstance (0ms)
			ReleaseScriptingObjects (0ms)
			CreateAndSetChildDomain (39ms)
		EndReloadAssembly (1171ms)
			LoadAssemblies (124ms)
			RebuildTransferFunctionScriptingTraits (0ms)
			SetupTypeCache (425ms)
			ReleaseScriptCaches (1ms)
			RebuildScriptCaches (58ms)
			SetupLoadedEditorAssemblies (420ms)
				LogAssemblyErrors (0ms)
				InitializePlatformSupportModulesInManaged (6ms)
				SetLoadedEditorAssemblies (1ms)
				RefreshPlugins (1ms)
				BeforeProcessingInitializeOnLoad (134ms)
				ProcessInitializeOnLoadAttributes (252ms)
				ProcessInitializeOnLoadMethodAttributes (15ms)
				AfterProcessingInitializeOnLoad (10ms)
				EditorAssembliesLoaded (0ms)
			ExecutionOrderSort2 (0ms)
			AwakeInstancesAfterBackupRestoration (12ms)
Platform modules already initialized, skipping
Refreshing native plugins compatible for Editor in 0.59 ms, found 3 plugins.
Preloading 0 native plugins for Editor in 0.00 ms.
Unloading 2187 Unused Serialized files (Serialized files now loaded: 0)
System memory in use before: 99.4 MB.
System memory in use after: 99.5 MB.

Unloading 17 unused Assets to reduce memory usage. Loaded Objects now: 2653.
Total: 3.908300 ms (FindLiveObjects: 0.205000 ms CreateObjectMapping: 0.111600 ms MarkObjects: 3.569400 ms  DeleteObjects: 0.021000 ms)

AssetImportParameters requested are different than current active one (requested -> active):
  custom:framework-win-MediaFoundation: 216162199b28c13a410421893ffa2e32 -> 
  custom:video-decoder-ogg-theora: a1e56fd34408186e4bbccfd4996cb3dc -> 
  custom:container-muxer-webm: aa71ff27fc2769a1b78a27578f13a17b -> 
  custom:container-demuxer-webm: 4f35f7cbe854078d1ac9338744f61a02 -> 
  custom:container-demuxer-ogg: 62fdf1f143b41e24485cea50d1cbac27 -> 
  custom:video-encoder-webm-vp8: eb34c28f22e8b96e1ab97ce403110664 -> 
  custom:video-decoder-webm-vp8: 9c59270c3fd7afecdb556c50c9e8de78 -> 
  custom:audio-decoder-ogg-vorbis: bf7c407c2cedff20999df2af8eb42d56 -> 
  custom:audio-encoder-webm-vorbis: bf7c407c2cedff20999df2af8eb42d56 -> 
========================================================================
Received Prepare
Registering precompiled user dll's ...
Registered in 0.005042 seconds.
Begin MonoManager ReloadAssembly
Native extension for WindowsStandalone target not found
Refreshing native plugins compatible for Editor in 0.46 ms, found 3 plugins.
Preloading 0 native plugins for Editor in 0.00 ms.
Mono: successfully reloaded assembly
- Completed reload, in  0.985 seconds
Domain Reload Profiling:
	ReloadAssembly (986ms)
		BeginReloadAssembly (114ms)
			ExecutionOrderSort (0ms)
			DisableScriptedObjects (7ms)
			BackupInstance (0ms)
			ReleaseScriptingObjects (0ms)
			CreateAndSetChildDomain (31ms)
		EndReloadAssembly (810ms)
			LoadAssemblies (82ms)
			RebuildTransferFunctionScriptingTraits (0ms)
			SetupTypeCache (284ms)
			ReleaseScriptCaches (1ms)
			RebuildScriptCaches (45ms)
			SetupLoadedEditorAssemblies (290ms)
				LogAssemblyErrors (0ms)
				InitializePlatformSupportModulesInManaged (4ms)
				SetLoadedEditorAssemblies (0ms)
				RefreshPlugins (1ms)
				BeforeProcessingInitializeOnLoad (98ms)
				ProcessInitializeOnLoadAttributes (170ms)
				ProcessInitializeOnLoadMethodAttributes (10ms)
				AfterProcessingInitializeOnLoad (7ms)
				EditorAssembliesLoaded (0ms)
			ExecutionOrderSort2 (0ms)
			AwakeInstancesAfterBackupRestoration (9ms)
Platform modules already initialized, skipping
Refreshing native plugins compatible for Editor in 0.46 ms, found 3 plugins.
Preloading 0 native plugins for Editor in 0.00 ms.
Unloading 2187 Unused Serialized files (Serialized files now loaded: 0)
System memory in use before: 99.4 MB.
System memory in use after: 99.5 MB.

Unloading 17 unused Assets to reduce memory usage. Loaded Objects now: 2655.
Total: 3.155000 ms (FindLiveObjects: 0.158600 ms CreateObjectMapping: 0.075800 ms MarkObjects: 2.901400 ms  DeleteObjects: 0.018300 ms)

AssetImportParameters requested are different than current active one (requested -> active):
  custom:framework-win-MediaFoundation: 216162199b28c13a410421893ffa2e32 -> 
  custom:video-decoder-ogg-theora: a1e56fd34408186e4bbccfd4996cb3dc -> 
  custom:container-muxer-webm: aa71ff27fc2769a1b78a27578f13a17b -> 
  custom:container-demuxer-webm: 4f35f7cbe854078d1ac9338744f61a02 -> 
  custom:container-demuxer-ogg: 62fdf1f143b41e24485cea50d1cbac27 -> 
  custom:video-encoder-webm-vp8: eb34c28f22e8b96e1ab97ce403110664 -> 
  custom:video-decoder-webm-vp8: 9c59270c3fd7afecdb556c50c9e8de78 -> 
  custom:audio-decoder-ogg-vorbis: bf7c407c2cedff20999df2af8eb42d56 -> 
  custom:audio-encoder-webm-vorbis: bf7c407c2cedff20999df2af8eb42d56 -> 
========================================================================
Received Import Request.
  Time since last request: 1093.658526 seconds.
  path: Assets/Animations/Idle (1).controller
  artifactKey: Guid(a71e16c571ad2ab47afadc463bef0c04) Importer(815301076,1909f56bfc062723c751e8b465ee728b)
Start importing Assets/Animations/Idle (1).controller using Guid(a71e16c571ad2ab47afadc463bef0c04) Importer(815301076,1909f56bfc062723c751e8b465ee728b)  -> (artifact id: 'fd8aabfbf369f5d56e3b3b16ec8673aa') in 0.031597 seconds 
  Import took 0.035992 seconds .

========================================================================
Received Prepare
Refreshing native plugins compatible for Editor in 6.91 ms, found 3 plugins.
Preloading 0 native plugins for Editor in 0.00 ms.
Unloading 15 Unused Serialized files (Serialized files now loaded: 0)
System memory in use before: 55.6 MB.
System memory in use after: 55.7 MB.

Unloading 15 unused Assets to reduce memory usage. Loaded Objects now: 2655.
Total: 5.061700 ms (FindLiveObjects: 0.292200 ms CreateObjectMapping: 0.141900 ms MarkObjects: 4.600200 ms  DeleteObjects: 0.025700 ms)

AssetImportParameters requested are different than current active one (requested -> active):
  custom:framework-win-MediaFoundation: 216162199b28c13a410421893ffa2e32 -> 
  custom:video-decoder-ogg-theora: a1e56fd34408186e4bbccfd4996cb3dc -> 
  custom:container-muxer-webm: aa71ff27fc2769a1b78a27578f13a17b -> 
  custom:container-demuxer-webm: 4f35f7cbe854078d1ac9338744f61a02 -> 
  custom:container-demuxer-ogg: 62fdf1f143b41e24485cea50d1cbac27 -> 
  custom:video-encoder-webm-vp8: eb34c28f22e8b96e1ab97ce403110664 -> 
  custom:video-decoder-webm-vp8: 9c59270c3fd7afecdb556c50c9e8de78 -> 
  custom:audio-decoder-ogg-vorbis: bf7c407c2cedff20999df2af8eb42d56 -> 
  custom:audio-encoder-webm-vorbis: bf7c407c2cedff20999df2af8eb42d56 -> 
AssetImportWorkerClient::OnTransportError - code=2 error=End of file
